#
# There is insufficient memory for the Java Runtime Environment to continue.
# Native memory allocation (mmap) failed to map 132120576 bytes for G1 virtual space
# Possible reasons:
#   The system is out of physical RAM or swap space
#   The process is running with CompressedOops enabled, and the Java Heap may be blocking the growth of the native heap
# Possible solutions:
#   Reduce memory load on the system
#   Increase physical memory or swap space
#   Check if swap backing store is full
#   Decrease Java heap size (-Xmx/-Xms)
#   Decrease number of Java threads
#   Decrease Java thread stack sizes (-Xss)
#   Set larger code cache with -XX:ReservedCodeCacheSize=
#   JVM is running with Unscaled Compressed Oops mode in which the Java heap is
#     placed in the first 4GB address space. The Java Heap base address is the
#     maximum limit for the native heap growth. Please use -XX:HeapBaseMinAddress
#     to set the Java Heap base and to place the Java Heap above 4GB virtual address.
# This output file may be truncated or incomplete.
#
#  Out of Memory Error (os_windows.cpp:3825), pid=44352, tid=1176
#
# JRE version:  (17.0.9) (build )
# Java VM: OpenJDK 64-Bit Server VM (17.0.9+0--11185874, mixed mode, sharing, tiered, compressed oops, compressed class ptrs, g1 gc, windows-amd64)
# No core dump will be written. Minidumps are not enabled by default on client versions of Windows
#

---------------  S U M M A R Y ------------

Command Line: git4idea.http.GitAskPassApp Username for 'https://github.com': 

Host: 11th Gen Intel(R) Core(TM) i5-1135G7 @ 2.40GHz, 8 cores, 7G,  Windows 11 , 64 bit Build 22621 (10.0.22621.3527)
Time: Wed Jun 12 15:03:31 2024 Malay Peninsula Standard Time elapsed time: 0.019518 seconds (0d 0h 0m 0s)

---------------  T H R E A D  ---------------

Current thread (0x00000202ebebcd20):  JavaThread "Unknown thread" [_thread_in_vm, id=1176, stack(0x00000063e2c00000,0x00000063e2d00000)]

Stack: [0x00000063e2c00000,0x00000063e2d00000]
Native frames: (J=compiled Java code, j=interpreted, Vv=VM code, C=native code)
V  [jvm.dll+0x6886e9]
V  [jvm.dll+0x841e4a]
V  [jvm.dll+0x843a8e]
V  [jvm.dll+0x8440f3]
V  [jvm.dll+0x24c14f]
V  [jvm.dll+0x685499]
V  [jvm.dll+0x679c2a]
V  [jvm.dll+0x30cf9b]
V  [jvm.dll+0x314446]
V  [jvm.dll+0x36425e]
V  [jvm.dll+0x36448f]
V  [jvm.dll+0x2e2d68]
V  [jvm.dll+0x2e3cd4]
V  [jvm.dll+0x8129f1]
V  [jvm.dll+0x3720c1]
V  [jvm.dll+0x7f152c]
V  [jvm.dll+0x3f5d4f]
V  [jvm.dll+0x3f7981]
C  [jli.dll+0x528f]
C  [ucrtbase.dll+0x29333]
C  [KERNEL32.DLL+0x1257d]
C  [ntdll.dll+0x5aa48]


---------------  P R O C E S S  ---------------

Threads class SMR info:
_java_thread_list=0x00007ff98797ef18, length=0, elements={
}

Java Threads: ( => current thread )

Other Threads:
  0x00000202ebf18730 GCTaskThread "GC Thread#0" [stack: 0x00000063e2d00000,0x00000063e2e00000] [id=2548]
  0x00000202ebf29040 ConcurrentGCThread "G1 Main Marker" [stack: 0x00000063e2e00000,0x00000063e2f00000] [id=16200]
  0x00000202ebf29a60 ConcurrentGCThread "G1 Conc#0" [stack: 0x00000063e2f00000,0x00000063e3000000] [id=51248]

[error occurred during error reporting (printing all threads), id 0xc0000005, EXCEPTION_ACCESS_VIOLATION (0xc0000005) at pc=0x00007ff987133937]

VM state: not at safepoint (not fully initialized)

VM Mutex/Monitor currently owned by a thread:  ([mutex/lock_event])
[0x00000202ebeb7e30] Heap_lock - owner thread: 0x00000202ebebcd20

Heap address: 0x0000000083200000, size: 1998 MB, Compressed Oops mode: 32-bit

CDS archive(s) mapped at: [0x0000000000000000-0x0000000000000000-0x0000000000000000), size 0, SharedBaseAddress: 0x0000000800000000, ArchiveRelocationMode: 1.
Narrow klass base: 0x0000000000000000, Narrow klass shift: 0, Narrow klass range: 0x0

GC Precious Log:
<Empty>

Heap:
 garbage-first heap   total 0K, used 0K [0x0000000083200000, 0x0000000100000000)
  region size 1024K, 0 young (0K), 0 survivors (0K)
 Metaspace       used 0K, committed 0K, reserved 0K
  class space    used 0K, committed 0K, reserved 0K

Heap Regions: E=young(eden), S=young(survivor), O=old, HS=humongous(starts), HC=humongous(continues), CS=collection set, F=free, OA=open archive, CA=closed archive, TAMS=top-at-mark-start (previous, next)

Card table byte_map: [0x0000020280a50000,0x0000020280e40000] _byte_map_base: 0x0000020280637000

Marking Bits (Prev, Next): (CMBitMap*) 0x00000202ebf18d50, (CMBitMap*) 0x00000202ebf18d90
 Prev Bits: [0x0000020281230000, 0x0000020283168000)
 Next Bits: [0x0000020283170000, 0x00000202850a8000)

GC Heap History (0 events):
No events

Dll operation events (1 events):
Event: 0.008 Loaded shared library C:\Program Files\Android\Android Studio\jbr\bin\java.dll

Deoptimization events (0 events):
No events

Classes unloaded (0 events):
No events

Classes redefined (0 events):
No events

Internal exceptions (0 events):
No events

VM Operations (0 events):
No events

Events (0 events):
No events


Dynamic libraries:
0x00007ff7beb80000 - 0x00007ff7beb8a000 	C:\Program Files\Android\Android Studio\jbr\bin\java.exe
0x00007ff9f4a30000 - 0x00007ff9f4c47000 	C:\WINDOWS\SYSTEM32\ntdll.dll
0x00007ff9f42b0000 - 0x00007ff9f4374000 	C:\WINDOWS\System32\KERNEL32.DLL
0x00007ff9f1d50000 - 0x00007ff9f20f7000 	C:\WINDOWS\System32\KERNELBASE.dll
0x00007ff9f23c0000 - 0x00007ff9f24d1000 	C:\WINDOWS\System32\ucrtbase.dll
0x00007ff9cb8b0000 - 0x00007ff9cb8cb000 	C:\Program Files\Android\Android Studio\jbr\bin\VCRUNTIME140.dll
0x00007ff9e4410000 - 0x00007ff9e4427000 	C:\Program Files\Android\Android Studio\jbr\bin\jli.dll
0x00007ff9f4380000 - 0x00007ff9f452e000 	C:\WINDOWS\System32\USER32.dll
0x00007ff9e48a0000 - 0x00007ff9e4b33000 	C:\WINDOWS\WinSxS\amd64_microsoft.windows.common-controls_6595b64144ccf1df_6.0.22621.3527_none_270e469b73872a76\COMCTL32.dll
0x00007ff9f2390000 - 0x00007ff9f23b6000 	C:\WINDOWS\System32\win32u.dll
0x00007ff9f36d0000 - 0x00007ff9f3777000 	C:\WINDOWS\System32\msvcrt.dll
0x00007ff9f47e0000 - 0x00007ff9f4809000 	C:\WINDOWS\System32\GDI32.dll
0x00007ff9f2270000 - 0x00007ff9f2389000 	C:\WINDOWS\System32\gdi32full.dll
0x00007ff9f2610000 - 0x00007ff9f26aa000 	C:\WINDOWS\System32\msvcp_win.dll
0x00007ff9f4220000 - 0x00007ff9f4251000 	C:\WINDOWS\System32\IMM32.DLL
0x00007ff9d7120000 - 0x00007ff9d712c000 	C:\Program Files\Android\Android Studio\jbr\bin\vcruntime140_1.dll
0x00007ff9c7520000 - 0x00007ff9c75ad000 	C:\Program Files\Android\Android Studio\jbr\bin\msvcp140.dll
0x00007ff986e40000 - 0x00007ff987ac3000 	C:\Program Files\Android\Android Studio\jbr\bin\server\jvm.dll
0x00007ff9f3190000 - 0x00007ff9f3242000 	C:\WINDOWS\System32\ADVAPI32.dll
0x00007ff9f30c0000 - 0x00007ff9f3168000 	C:\WINDOWS\System32\sechost.dll
0x00007ff9f2730000 - 0x00007ff9f2758000 	C:\WINDOWS\System32\bcrypt.dll
0x00007ff9f2fa0000 - 0x00007ff9f30b5000 	C:\WINDOWS\System32\RPCRT4.dll
0x00007ff9eaed0000 - 0x00007ff9eaed9000 	C:\WINDOWS\SYSTEM32\WSOCK32.dll
0x00007ff9e9830000 - 0x00007ff9e9864000 	C:\WINDOWS\SYSTEM32\WINMM.dll
0x00007ff9f15b0000 - 0x00007ff9f15fd000 	C:\WINDOWS\SYSTEM32\POWRPROF.dll
0x00007ff9f37a0000 - 0x00007ff9f3811000 	C:\WINDOWS\System32\WS2_32.dll
0x00007ff9e6c70000 - 0x00007ff9e6c7a000 	C:\WINDOWS\SYSTEM32\VERSION.dll
0x00007ff9f1570000 - 0x00007ff9f1583000 	C:\WINDOWS\SYSTEM32\UMPDC.dll
0x00007ff9f0d30000 - 0x00007ff9f0d48000 	C:\WINDOWS\SYSTEM32\kernel.appcore.dll
0x00007ff9ecb60000 - 0x00007ff9ecb6a000 	C:\Program Files\Android\Android Studio\jbr\bin\jimage.dll
0x00007ff9ef0f0000 - 0x00007ff9ef322000 	C:\WINDOWS\SYSTEM32\DBGHELP.DLL
0x00007ff9f27c0000 - 0x00007ff9f2b48000 	C:\WINDOWS\System32\combase.dll
0x00007ff9f4530000 - 0x00007ff9f4607000 	C:\WINDOWS\System32\OLEAUT32.dll
0x00007ff9e7970000 - 0x00007ff9e79a2000 	C:\WINDOWS\SYSTEM32\dbgcore.DLL
0x00007ff9f26b0000 - 0x00007ff9f2729000 	C:\WINDOWS\System32\bcryptPrimitives.dll
0x00007ff9ec6e0000 - 0x00007ff9ec705000 	C:\Program Files\Android\Android Studio\jbr\bin\java.dll

dbghelp: loaded successfully - version: 4.0.5 - missing functions: none
symbol engine: initialized successfully - sym options: 0x614 - pdb path: .;C:\Program Files\Android\Android Studio\jbr\bin;C:\WINDOWS\SYSTEM32;C:\WINDOWS\WinSxS\amd64_microsoft.windows.common-controls_6595b64144ccf1df_6.0.22621.3527_none_270e469b73872a76;C:\Program Files\Android\Android Studio\jbr\bin\server

VM Arguments:
java_command: git4idea.http.GitAskPassApp Username for 'https://github.com': 
java_class_path (initial): C:/Program Files/Android/Android Studio/plugins/vcs-git/lib/git4idea-rt.jar;C:/Program Files/Android/Android Studio/lib/externalProcess-rt.jar
Launcher Type: SUN_STANDARD

[Global flags]
     intx CICompilerCount                          = 4                                         {product} {ergonomic}
     uint ConcGCThreads                            = 2                                         {product} {ergonomic}
     uint G1ConcRefinementThreads                  = 8                                         {product} {ergonomic}
   size_t G1HeapRegionSize                         = 1048576                                   {product} {ergonomic}
    uintx GCDrainStackTargetSize                   = 64                                        {product} {ergonomic}
   size_t InitialHeapSize                          = 132120576                                 {product} {ergonomic}
   size_t MarkStackSize                            = 4194304                                   {product} {ergonomic}
   size_t MaxHeapSize                              = 2095054848                                {product} {ergonomic}
   size_t MinHeapDeltaBytes                        = 1048576                                   {product} {ergonomic}
   size_t MinHeapSize                              = 8388608                                   {product} {ergonomic}
    uintx NonNMethodCodeHeapSize                   = 5839372                                {pd product} {ergonomic}
    uintx NonProfiledCodeHeapSize                  = 122909434                              {pd product} {ergonomic}
    uintx ProfiledCodeHeapSize                     = 122909434                              {pd product} {ergonomic}
    uintx ReservedCodeCacheSize                    = 251658240                              {pd product} {ergonomic}
     bool SegmentedCodeCache                       = true                                      {product} {ergonomic}
   size_t SoftMaxHeapSize                          = 2095054848                             {manageable} {ergonomic}
     bool UseCompressedClassPointers               = true                           {product lp64_product} {ergonomic}
     bool UseCompressedOops                        = true                           {product lp64_product} {ergonomic}
     bool UseG1GC                                  = true                                      {product} {ergonomic}
     bool UseLargePagesIndividualAllocation        = false                                  {pd product} {ergonomic}

Logging:
Log output configuration:
 #0: stdout all=warning uptime,level,tags
 #1: stderr all=off uptime,level,tags

Environment Variables:
JAVA_HOME=C:\Program Files\Java\jdk-19\bin
PATH=C:\Program Files\Git\mingw64\libexec\git-core;C:\Program Files\Git\mingw64\libexec\git-core;C:\Program Files\Git\mingw64\bin;C:\Program Files\Git\usr\bin;C:\Users\Rhyz Jermaine\bin;C:\Program Files\Common Files\Oracle\Java\javapath;C:\Program Files\Python312\Scripts;C:\Program Files\Python312;C:\Program Files\Python39\Scripts;C:\Program Files\Python39;C:\Program Files (x86)\Common Files\Intel\Shared Libraries\redist\intel64\compiler;C:\Windows\System32\HWAudioDriverLibs;C:\Windows\system32;C:\Windows;C:\Windows\System32\Wbem;C:\Windows\System32\WindowsPowerShell\v1.0;C:\Windows\System32\OpenSSH;C:\Users\Administrator\AppData\Local\Microsoft\WindowsApps;C:\Program Files\Java\jdk-19\bin;C:\WINDOWS\system32;C:\WINDOWS;C:\WINDOWS\System32\Wbem;C:\WINDOWS\System32\WindowsPowerShell\v1.0;C:\WINDOWS\System32\OpenSSH;C:\Program Files (x86)\Microsoft SQL Server\100\Tools\Binn;C:\Program Files\Microsoft SQL Server\100\Tools\Binn;C:\Program Files\Microsoft SQL Server\100\DTS\Binn;C:\Program Files\Git\cmd;C:\Program Files (x86)\QT Lite\QTSystem;C:\Users\Rhyz Jermaine\AppData\Local\Microsoft\WindowsApps;C:\Program Files\JetBrains\PyCharm Community Edition 2023.3.2\bin
USERNAME=Rhyz Jermaine
DISPLAY=:0.0
LC_ALL=en_US.UTF-8
TERM=xterm-256color
TMPDIR=C:\Users\RHYZJE~1\AppData\Local\Temp
OS=Windows_NT
PROCESSOR_IDENTIFIER=Intel64 Family 6 Model 140 Stepping 1, GenuineIntel
TMP=C:\Users\RHYZJE~1\AppData\Local\Temp
TEMP=C:\Users\RHYZJE~1\AppData\Local\Temp



Periodic native trim disabled

JNI global refs:
JNI global refs: 0, weak refs: 0

JNI global refs memory usage: 0, weak refs: 0

OOME stack traces (most recent first):
Classloader memory used:


---------------  S Y S T E M  ---------------

OS:
 Windows 11 , 64 bit Build 22621 (10.0.22621.3527)
OS uptime: 7 days 7:07 hours
Hyper-V role detected

CPU: total 8 (initial active 8) (4 cores per cpu, 2 threads per core) family 6 model 140 stepping 1 microcode 0x8a, cx8, cmov, fxsr, ht, mmx, 3dnowpref, sse, sse2, sse3, ssse3, sse4.1, sse4.2, popcnt, lzcnt, tsc, tscinvbit, avx, avx2, aes, erms, clmul, bmi1, bmi2, adx, avx512f, avx512dq, avx512cd, avx512bw, avx512vl, sha, fma, vzeroupper, avx512_vpopcntdq, avx512_vpclmulqdq, avx512_vaes, avx512_vnni, clflush, clflushopt, clwb, avx512_vbmi2, avx512_vbmi, hv
Processor Information for all 8 processors :
  Max Mhz: 2419, Current Mhz: 2419, Mhz Limit: 2419

Memory: 4k page, system-wide physical 7991M (461M free)
TotalPageFile size 23338M (AvailPageFile size 102M)
current process WorkingSet (physical memory assigned to process): 11M, peak: 11M
current process commit charge ("private bytes"): 60M, peak: 186M

vm_info: OpenJDK 64-Bit Server VM (17.0.9+0--11185874) for windows-amd64 JRE (17.0.9+0--11185874), built on Dec  6 2023 18:57:44 by "androidbuild" with MS VC++ 16.10 / 16.11 (VS2019)

END.
